[    0.000000] Linux version 4.15.0-212-generic (buildd@lcy02-amd64-083) (gcc version 7.5.0 (Ubuntu 7.5.0-3ubuntu1~18.04)) #223-Ubuntu SMP Tue May 23 13:09:22 UTC 2023 (Ubuntu 4.15.0-212.223-generic 4.15.18)
[    0.000000] Command line: BOOT_IMAGE=/boot/vmlinuz-4.15.0-212-generic root=LABEL=cloudimg-rootfs ro console=tty1 console=ttyS0
[    0.000000] KERNEL supported cpus:
[    0.000000]   Intel GenuineIntel
[    0.000000]   AMD AuthenticAMD
[    0.000000]   Centaur CentaurHauls
[    0.000000] x86/fpu: Supporting XSAVE feature 0x001: 'x87 floating point registers'
[    0.000000] x86/fpu: Supporting XSAVE feature 0x002: 'SSE registers'
[    0.000000] x86/fpu: Supporting XSAVE feature 0x004: 'AVX registers'
[    0.000000] x86/fpu: xstate_offset[2]:  576, xstate_sizes[2]:  256
[    0.000000] x86/fpu: Enabled xstate features 0x7, context size is 832 bytes, using 'standard' format.
[    0.000000] e820: BIOS-provided physical RAM map:
[    0.000000] BIOS-e820: [mem 0x0000000000000000-0x000000000009fbff] usable
[    0.000000] BIOS-e820: [mem 0x000000000009fc00-0x000000000009ffff] reserved
[    0.000000] BIOS-e820: [mem 0x00000000000f0000-0x00000000000fffff] reserved
[    0.000000] BIOS-e820: [mem 0x0000000000100000-0x000000003ffeffff] usable
[    0.000000] BIOS-e820: [mem 0x000000003fff0000-0x000000003fffffff] ACPI data
[    0.000000] BIOS-e820: [mem 0x00000000fec00000-0x00000000fec00fff] reserved
[    0.000000] BIOS-e820: [mem 0x00000000fee00000-0x00000000fee00fff] reserved
[    0.000000] BIOS-e820: [mem 0x00000000fffc0000-0x00000000ffffffff] reserved
[    0.000000] NX (Execute Disable) protection: active
[    0.000000] SMBIOS 2.5 present.
[    0.000000] DMI: innotek GmbH VirtualBox/VirtualBox, BIOS VirtualBox 12/01/2006
[    0.000000] Hypervisor detected: KVM
[    0.000000] e820: last_pfn = 0x3fff0 max_arch_pfn = 0x400000000
[    0.000000] MTRR: Disabled
[    0.000000] x86/PAT: MTRRs disabled, skipping PAT initialization too.
[    0.000000] CPU MTRRs all blank - virtualized system.
[    0.000000] x86/PAT: Configuration [0-7]: WB  WT  UC- UC  WB  WT  UC- UC  
[    0.000000] found SMP MP-table at [mem 0x0009fff0-0x0009ffff]
[    0.000000] Scanning 1 areas for low memory corruption
[    0.000000] RAMDISK: [mem 0x359cb000-0x36cdcfff]
[    0.000000] ACPI: Early table checksum verification disabled
[    0.000000] ACPI: RSDP 0x00000000000E0000 000024 (v02 VBOX  )
[    0.000000] ACPI: XSDT 0x000000003FFF0030 00003C (v01 VBOX   VBOXXSDT 00000001 ASL  00000061)
[    0.000000] ACPI: FACP 0x000000003FFF00F0 0000F4 (v04 VBOX   VBOXFACP 00000001 ASL  00000061)
[    0.000000] ACPI: DSDT 0x000000003FFF0610 002353 (v02 VBOX   VBOXBIOS 00000002 INTL 20210930)
[    0.000000] ACPI: FACS 0x000000003FFF0200 000040
[    0.000000] ACPI: FACS 0x000000003FFF0200 000040
[    0.000000] ACPI: APIC 0x000000003FFF0240 00005C (v02 VBOX   VBOXAPIC 00000001 ASL  00000061)
[    0.000000] ACPI: SSDT 0x000000003FFF02A0 00036C (v01 VBOX   VBOXCPUT 00000002 INTL 20210930)
[    0.000000] ACPI: Reserving FACP table memory at [mem 0x3fff00f0-0x3fff01e3]
[    0.000000] ACPI: Reserving DSDT table memory at [mem 0x3fff0610-0x3fff2962]
[    0.000000] ACPI: Reserving FACS table memory at [mem 0x3fff0200-0x3fff023f]
[    0.000000] ACPI: Reserving FACS table memory at [mem 0x3fff0200-0x3fff023f]
[    0.000000] ACPI: Reserving APIC table memory at [mem 0x3fff0240-0x3fff029b]
[    0.000000] ACPI: Reserving SSDT table memory at [mem 0x3fff02a0-0x3fff060b]
[    0.000000] No NUMA configuration found
[    0.000000] Faking a node at [mem 0x0000000000000000-0x000000003ffeffff]
[    0.000000] NODE_DATA(0) allocated [mem 0x3ffc5000-0x3ffeffff]
[    0.000000] kvm-clock: cpu 0, msr 0:3ff44001, primary cpu clock
[    0.000000] kvm-clock: Using msrs 4b564d01 and 4b564d00
[    0.000000] kvm-clock: using sched offset of 3920113856 cycles
[    0.000000] clocksource: kvm-clock: mask: 0xffffffffffffffff max_cycles: 0x1cd42e4dffb, max_idle_ns: 881590591483 ns
[    0.000000] Zone ranges:
[    0.000000]   DMA      [mem 0x0000000000001000-0x0000000000ffffff]
[    0.000000]   DMA32    [mem 0x0000000001000000-0x000000003ffeffff]
[    0.000000]   Normal   empty
[    0.000000]   Device   empty
[    0.000000] Movable zone start for each node
[    0.000000] Early memory node ranges
[    0.000000]   node   0: [mem 0x0000000000001000-0x000000000009efff]
[    0.000000]   node   0: [mem 0x0000000000100000-0x000000003ffeffff]
[    0.000000] Reserved but unavailable: 104 pages
[    0.000000] Initmem setup node 0 [mem 0x0000000000001000-0x000000003ffeffff]
[    0.000000] ACPI: PM-Timer IO Port: 0x4008
[    0.000000] IOAPIC[0]: apic_id 2, version 32, address 0xfec00000, GSI 0-23
[    0.000000] ACPI: INT_SRC_OVR (bus 0 bus_irq 0 global_irq 2 dfl dfl)
[    0.000000] ACPI: INT_SRC_OVR (bus 0 bus_irq 9 global_irq 9 low level)
[    0.000000] Using ACPI (MADT) for SMP configuration information
[    0.000000] smpboot: Allowing 2 CPUs, 0 hotplug CPUs
[    0.000000] PM: Registered nosave memory: [mem 0x00000000-0x00000fff]
[    0.000000] PM: Registered nosave memory: [mem 0x0009f000-0x0009ffff]
[    0.000000] PM: Registered nosave memory: [mem 0x000a0000-0x000effff]
[    0.000000] PM: Registered nosave memory: [mem 0x000f0000-0x000fffff]
[    0.000000] e820: [mem 0x40000000-0xfebfffff] available for PCI devices
[    0.000000] Booting paravirtualized kernel on KVM
[    0.000000] clocksource: refined-jiffies: mask: 0xffffffff max_cycles: 0xffffffff, max_idle_ns: 7645519600211568 ns
[    0.000000] setup_percpu: NR_CPUS:8192 nr_cpumask_bits:2 nr_cpu_ids:2 nr_node_ids:1
[    0.000000] percpu: Embedded 50 pages/cpu s167936 r8192 d28672 u1048576
[    0.000000] PV qspinlock hash table entries: 256 (order: 0, 4096 bytes)
[    0.000000] Built 1 zonelists, mobility grouping on.  Total pages: 257913
[    0.000000] Policy zone: DMA32
[    0.000000] Kernel command line: BOOT_IMAGE=/boot/vmlinuz-4.15.0-212-generic root=LABEL=cloudimg-rootfs ro console=tty1 console=ttyS0
[    0.000000] Memory: 982644K/1048120K available (12300K kernel code, 2477K rwdata, 4324K rodata, 2480K init, 2720K bss, 65476K reserved, 0K cma-reserved)
[    0.000000] SLUB: HWalign=64, Order=0-3, MinObjects=0, CPUs=2, Nodes=1
[    0.000000] Kernel/User page tables isolation: enabled
[    0.000000] ftrace: allocating 39508 entries in 155 pages
[    0.004000] Hierarchical RCU implementation.
[    0.004000] 	RCU restricting CPUs from NR_CPUS=8192 to nr_cpu_ids=2.
[    0.004000] 	Tasks RCU enabled.
[    0.004000] RCU: Adjusting geometry for rcu_fanout_leaf=16, nr_cpu_ids=2
[    0.004000] NR_IRQS: 524544, nr_irqs: 440, preallocated irqs: 16
[    0.004000] random: crng init done
[    0.004000] Console: colour VGA+ 80x25
[    0.004000] console [tty1] enabled
[    0.004000] console [ttyS0] enabled
[    0.004000] ACPI: Core revision 20170831
[    0.004000] ACPI: 2 ACPI AML tables successfully acquired and loaded
[    0.004000] APIC: Switch to symmetric I/O mode setup
[    0.004000] x2apic enabled
[    0.004016] Switched APIC routing to physical x2apic.
[    0.012000] ..TIMER: vector=0x30 apic1=0 pin1=2 apic2=-1 pin2=-1
[    0.012002] tsc: Detected 3420.228 MHz processor
[    0.016009] Calibrating delay loop (skipped) preset value.. 6840.45 BogoMIPS (lpj=13680912)
[    0.020002] pid_max: default: 32768 minimum: 301
[    0.024038] Security Framework initialized
[    0.026205] Yama: becoming mindful.
[    0.028040] AppArmor: AppArmor initialized
[    0.031605] Dentry cache hash table entries: 131072 (order: 8, 1048576 bytes)
[    0.032699] Inode-cache hash table entries: 65536 (order: 7, 524288 bytes)
[    0.036033] Mount-cache hash table entries: 2048 (order: 2, 16384 bytes)
[    0.040026] Mountpoint-cache hash table entries: 2048 (order: 2, 16384 bytes)
[    0.045101] Last level iTLB entries: 4KB 128, 2MB 8, 4MB 8
[    0.048003] Last level dTLB entries: 4KB 64, 2MB 0, 4MB 0, 1GB 4
[    0.052015] Spectre V1 : Mitigation: usercopy/swapgs barriers and __user pointer sanitization
[    0.056003] Spectre V2 : Mitigation: Retpolines
[    0.058367] Spectre V2 : Spectre v2 / SpectreRSB mitigation: Filling RSB on context switch
[    0.060002] Spectre V2 : Spectre v2 / SpectreRSB : Filling RSB on VMEXIT
[    0.063346] RETBleed: WARNING: Spectre v2 mitigation leaves CPU vulnerable to RETBleed attacks, data leaks possible!
[    0.064003] RETBleed: Vulnerable
[    0.065778] Speculative Store Bypass: Vulnerable
[    0.068103] MDS: Mitigation: Clear CPU buffers
[    0.070423] MMIO Stale Data: Mitigation: Clear CPU buffers
[    0.072014] SRBDS: Unknown: Dependent on hypervisor status
[    0.076162] Freeing SMP alternatives memory: 36K
[    0.192509] smpboot: CPU0: Intel(R) Core(TM) i5-7500 CPU @ 3.40GHz (family: 0x6, model: 0x9e, stepping: 0x9)
[    0.196216] Performance Events: unsupported p6 CPU model 158 no PMU driver, software events only.
[    0.200088] Hierarchical SRCU implementation.
[    0.202930] NMI watchdog: Perf event create on CPU 0 failed with -2
[    0.204004] NMI watchdog: Perf NMI watchdog permanently disabled
[    0.208157] smp: Bringing up secondary CPUs ...
[    0.212384] x86: Booting SMP configuration:
[    0.214561] .... node  #0, CPUs:      #1
[    0.004000] kvm-clock: cpu 1, msr 0:3ff44041, secondary cpu clock
[    0.224078] smp: Brought up 1 node, 2 CPUs
[    0.226557] smpboot: Max logical packages: 1
[    0.228000] smpboot: Total of 2 processors activated (13680.91 BogoMIPS)
[    0.232211] devtmpfs: initialized
[    0.233880] x86/mm: Memory block size: 128MB
[    0.236244] evm: security.selinux
[    0.238399] evm: security.SMACK64
[    0.240000] evm: security.SMACK64EXEC
[    0.240123] evm: security.SMACK64TRANSMUTE
[    0.244006] evm: security.SMACK64MMAP
[    0.248005] evm: security.apparmor
[    0.251300] evm: security.ima
[    0.252004] evm: security.capability
[    0.256168] clocksource: jiffies: mask: 0xffffffff max_cycles: 0xffffffff, max_idle_ns: 7645041785100000 ns
[    0.260038] futex hash table entries: 512 (order: 3, 32768 bytes)
[    0.264111] pinctrl core: initialized pinctrl subsystem
[    0.268329] RTC time:  1:58:21, date: 08/12/24
[    0.272369] NET: Registered protocol family 16
[    0.276090] audit: initializing netlink subsys (disabled)
[    0.280006] audit: type=2000 audit(1723427906.664:1): state=initialized audit_enabled=0 res=1
[    0.284000] cpuidle: using governor ladder
[    0.284010] cpuidle: using governor menu
[    0.286192] ACPI: bus type PCI registered
[    0.288003] acpiphp: ACPI Hot Plug PCI Controller Driver version: 0.5
[    0.292710] PCI: Using configuration type 1 for base access
[    0.300116] HugeTLB registered 2.00 MiB page size, pre-allocated 0 pages
[    0.304188] ACPI: Added _OSI(Module Device)
[    0.308022] ACPI: Added _OSI(Processor Device)
[    0.310478] ACPI: Added _OSI(3.0 _SCP Extensions)
[    0.312013] ACPI: Added _OSI(Processor Aggregator Device)
[    0.314739] ACPI: Added _OSI(Linux-Dell-Video)
[    0.316004] ACPI: Added _OSI(Linux-Lenovo-NV-HDMI-Audio)
[    0.320003] ACPI: Added _OSI(Linux-HPI-Hybrid-Graphics)
[    0.323466] ACPI: Executed 1 blocks of module-level executable AML code
[    0.330507] ACPI: Interpreter enabled
[    0.332028] ACPI: (supports S0 S5)
[    0.334120] ACPI: Using IOAPIC for interrupt routing
[    0.336351] PCI: Using host bridge windows from ACPI; if necessary, use "pci=nocrs" and report a bug
[    0.340200] ACPI: Enabled 2 GPEs in block 00 to 07
[    0.352291] ACPI: PCI Root Bridge [PCI0] (domain 0000 [bus 00-ff])
[    0.355377] acpi PNP0A03:00: _OSC: OS supports [ASPM ClockPM Segments MSI]
[    0.357154] acpi PNP0A03:00: _OSC: not requesting OS control; OS requires [ExtendedConfig ASPM ClockPM MSI]
[    0.360012] acpi PNP0A03:00: fail to add MMCONFIG information, can't access extended PCI configuration space under this bridge.
[    0.364580] PCI host bridge to bus 0000:00
[    0.368003] pci_bus 0000:00: root bus resource [io  0x0000-0x0cf7 window]
[    0.372003] pci_bus 0000:00: root bus resource [io  0x0d00-0xffff window]
[    0.375373] pci_bus 0000:00: root bus resource [mem 0x000a0000-0x000bffff window]
[    0.376003] pci_bus 0000:00: root bus resource [mem 0x40000000-0xfdffffff window]
[    0.380003] pci_bus 0000:00: root bus resource [bus 00-ff]
[    0.390049] pci 0000:00:01.1: legacy IDE quirk: reg 0x10: [io  0x01f0-0x01f7]
[    0.392003] pci 0000:00:01.1: legacy IDE quirk: reg 0x14: [io  0x03f6]
[    0.396003] pci 0000:00:01.1: legacy IDE quirk: reg 0x18: [io  0x0170-0x0177]
[    0.400003] pci 0000:00:01.1: legacy IDE quirk: reg 0x1c: [io  0x0376]
[    0.460605] pci 0000:00:07.0: quirk: [io  0x4000-0x403f] claimed by PIIX4 ACPI
[    0.464029] pci 0000:00:07.0: quirk: [io  0x4100-0x410f] claimed by PIIX4 SMB
[    0.480000] ACPI: PCI Interrupt Link [LNKA] (IRQs 5 9 10 *11)
[    0.480459] ACPI: PCI Interrupt Link [LNKB] (IRQs 5 9 *10 11)
[    0.484181] ACPI: PCI Interrupt Link [LNKC] (IRQs 5 *9 10 11)
[    0.488167] ACPI: PCI Interrupt Link [LNKD] (IRQs 5 9 10 *11)
[    0.492459] SCSI subsystem initialized
[    0.496087] pci 0000:00:02.0: vgaarb: setting as boot VGA device
[    0.499849] pci 0000:00:02.0: vgaarb: VGA device added: decodes=io+mem,owns=io+mem,locks=none
[    0.500006] pci 0000:00:02.0: vgaarb: bridge control possible
[    0.504002] vgaarb: loaded
[    0.508048] ACPI: bus type USB registered
[    0.510171] usbcore: registered new interface driver usbfs
[    0.512021] usbcore: registered new interface driver hub
[    0.516011] usbcore: registered new device driver usb
[    0.520124] EDAC MC: Ver: 3.0.0
[    0.524106] PCI: Using ACPI for IRQ routing
[    0.526795] NetLabel: Initializing
[    0.528003] NetLabel:  domain hash size = 128
[    0.530655] NetLabel:  protocols = UNLABELED CIPSOv4 CALIPSO
[    0.532023] NetLabel:  unlabeled traffic allowed by default
[    0.536276] clocksource: Switched to clocksource kvm-clock
[    0.561471] VFS: Disk quotas dquot_6.6.0
[    0.564924] VFS: Dquot-cache hash table entries: 512 (order 0, 4096 bytes)
[    0.568536] AppArmor: AppArmor Filesystem Enabled
[    0.571005] pnp: PnP ACPI init
[    0.574876] pnp: PnP ACPI: found 3 devices
[    0.592347] clocksource: acpi_pm: mask: 0xffffff max_cycles: 0xffffff, max_idle_ns: 2085701024 ns
[    0.597753] NET: Registered protocol family 2
[    0.600214] IP idents hash table entries: 16384 (order: 5, 131072 bytes)
[    0.603920] TCP established hash table entries: 8192 (order: 4, 65536 bytes)
[    0.608265] TCP bind hash table entries: 8192 (order: 5, 131072 bytes)
[    0.612119] TCP: Hash tables configured (established 8192 bind 8192)
[    0.615717] UDP hash table entries: 512 (order: 2, 16384 bytes)
[    0.619460] UDP-Lite hash table entries: 512 (order: 2, 16384 bytes)
[    0.622736] NET: Registered protocol family 1
[    0.625052] pci 0000:00:00.0: Limiting direct PCI/PCI transfers
[    0.628733] pci 0000:00:01.0: Activating ISA DMA hang workarounds
[    0.632347] pci 0000:00:02.0: Video device with shadowed ROM at [mem 0x000c0000-0x000dffff]
[    0.636751] Unpacking initramfs...
[    1.003021] Freeing initrd memory: 19528K
[    1.005901] clocksource: tsc: mask: 0xffffffffffffffff max_cycles: 0x314cf2edb2e, max_idle_ns: 440795223957 ns
[    1.011965] platform rtc_cmos: registered platform RTC device (no PNP device found)
[    1.016081] Scanning for low memory corruption every 60 seconds
[    1.020210] Initialise system trusted keyrings
[    1.022745] Key type blacklist registered
[    1.025445] workingset: timestamp_bits=36 max_order=18 bucket_order=0
[    1.030424] zbud: loaded
[    1.033256] squashfs: version 4.0 (2009/01/31) Phillip Lougher
[    1.036862] fuse init (API version 7.26)
[    1.048967] Key type asymmetric registered
[    1.051117] Asymmetric key parser 'x509' registered
[    1.054202] Block layer SCSI generic (bsg) driver version 0.4 loaded (major 246)
[    1.058131] io scheduler noop registered
[    1.060275] io scheduler deadline registered
[    1.063011] io scheduler cfq registered (default)
[    1.065963] ACPI: AC Adapter [AC] (on-line)
[    1.068223] input: Power Button as /devices/LNXSYSTM:00/LNXPWRBN:00/input/input0
[    1.072131] ACPI: Power Button [PWRF]
[    1.074225] input: Sleep Button as /devices/LNXSYSTM:00/LNXSLPBN:00/input/input1
[    1.078050] ACPI: Sleep Button [SLPF]
[    1.080702] Serial: 8250/16550 driver, 32 ports, IRQ sharing enabled
[    1.109749] 00:02: ttyS0 at I/O 0x3f8 (irq = 4, base_baud = 115200) is a 16550A
[    1.118469] Linux agpgart interface v0.103
[    1.124353] loop: module loaded
[    1.127511] scsi host0: ata_piix
[    1.129944] scsi host1: ata_piix
[    1.131735] ata1: PATA max UDMA/33 cmd 0x1f0 ctl 0x3f6 bmdma 0xd000 irq 14
[    1.135786] ata2: PATA max UDMA/33 cmd 0x170 ctl 0x376 bmdma 0xd008 irq 15
[    1.139519] tun: Universal TUN/TAP device driver, 1.6
[    1.142646] PPP generic driver version 2.4.2
[    1.145614] ehci_hcd: USB 2.0 'Enhanced' Host Controller (EHCI) Driver
[    1.148931] ehci-pci: EHCI PCI platform driver
[    1.151249] ehci-platform: EHCI generic platform driver
[    1.154443] ohci_hcd: USB 1.1 'Open' Host Controller (OHCI) Driver
[    1.158249] ohci-pci: OHCI PCI platform driver
[    1.160630] ohci-platform: OHCI generic platform driver
[    1.163863] uhci_hcd: USB Universal Host Controller Interface driver
[    1.167369] i8042: PNP: PS/2 Controller [PNP0303:PS2K,PNP0f03:PS2M] at 0x60,0x64 irq 1,12
[    1.173312] serio: i8042 KBD port at 0x60,0x64 irq 1
[    1.175923] serio: i8042 AUX port at 0x60,0x64 irq 12
[    1.180041] mousedev: PS/2 mouse device common for all mice
[    1.184921] input: AT Translated Set 2 keyboard as /devices/platform/i8042/serio0/input/input2
[    1.189023] rtc_cmos rtc_cmos: rtc core: registered rtc_cmos as rtc0
[    1.193925] rtc_cmos rtc_cmos: alarms up to one day, 114 bytes nvram
[    1.197552] i2c /dev entries driver
[    1.197552] device-mapper: uevent: version 1.0.3
[    1.203846] device-mapper: ioctl: 4.37.0-ioctl (2017-09-20) initialised: dm-devel@redhat.com
[    1.208849] ledtrig-cpu: registered to indicate activity on CPUs
[    1.213224] NET: Registered protocol family 10
[    1.221223] Segment Routing with IPv6
[    1.223629] NET: Registered protocol family 17
[    1.226439] Key type dns_resolver registered
[    1.229895] mce: Using 0 MCE banks
[    1.232026] RAS: Correctable Errors collector initialized.
[    1.235296] sched_clock: Marking stable (1235211061, 0)->(1648849728, -413638667)
[    1.241491] registered taskstats version 1
[    1.244192] Loading compiled-in X.509 certificates
[    1.250163] Loaded X.509 cert 'Build time autogenerated kernel key: b5b26778eaa3ab3a4a6cee031137706e947d12ad'
[    1.255815] Loaded X.509 cert 'Canonical Ltd. Live Patch Signing: 14df34d1a87cf37625abec039ef2bf521249b969'
[    1.263441] Loaded X.509 cert 'Canonical Ltd. Kernel Module Signing: 88f752e560a1e0737e31163a466ad7b70a850c19'
[    1.269323] blacklist: Loading compiled-in revocation X.509 certificates
[    1.273451] Loaded X.509 cert 'Canonical Ltd. Secure Boot Signing: 61482aa2830d0ab2ad5af10b7250da9033ddcef0'
[    1.279000] Loaded X.509 cert 'Canonical Ltd. Secure Boot Signing (2017): 242ade75ac4a15e50d50c84b0d45ff3eae707a03'
[    1.284424] Loaded X.509 cert 'Canonical Ltd. Secure Boot Signing (ESM 2018): 365188c1d374d6b07c3c8f240f8ef722433d6a8b'
[    1.289889] Loaded X.509 cert 'Canonical Ltd. Secure Boot Signing (2019): c0746fd6c5da3ae827864651ad66ae47fe24b3e8'
[    1.296223] Loaded X.509 cert 'Canonical Ltd. Secure Boot Signing (2021 v1): a8d54bbb3825cfb94fa13c9f8a594a195c107b8d'
[    1.302260] Loaded X.509 cert 'Canonical Ltd. Secure Boot Signing (2021 v2): 4cf046892d6fd3c9a5b03f98d845f90851dc6a8c'
[    1.333168] Loaded X.509 cert 'Canonical Ltd. Secure Boot Signing (2021 v3): 100437bb6de6e469b581e61cd66bce3ef4ed53af'
[    1.344516] Loaded X.509 cert 'Canonical Ltd. Secure Boot Signing (Ubuntu Core 2019): c1d57b8f6b743f23ee41f4f7ee292f06eecadfb9'
[    1.353408] zswap: loaded using pool lzo/zbud
[    1.378278] Key type big_key registered
[    1.380639] Key type trusted registered
[    1.386166] Key type encrypted registered
[    1.388686] AppArmor: AppArmor sha1 policy hashing enabled
[    1.391813] ima: No TPM chip found, activating TPM-bypass! (rc=-19)
[    1.396143] ima: Allocated hash algorithm: sha1
[    1.398868] evm: HMAC attrs: 0x1
[    1.401432]   Magic number: 4:459:963
[    1.404439] rtc_cmos rtc_cmos: setting system clock to 2024-08-12 01:58:22 UTC (1723427902)
[    1.409340] BIOS EDD facility v0.16 2004-Jun-25, 0 devices found
[    1.413095] EDD information not available.
[    1.418310] Freeing unused kernel image memory: 2480K
[    1.441687] Write protecting the kernel read-only data: 20480k
[    1.445703] Freeing unused kernel image memory: 2008K
[    1.449380] Freeing unused kernel image memory: 1820K
[    1.458703] x86/mm: Checked W+X mappings: passed, no W+X pages found.
[    1.463844] x86/mm: Checking user space page tables
[    1.472856] x86/mm: Checked W+X mappings: passed, no W+X pages found.
Loading, please wait...
starting version 237
[    1.553411] e1000: Intel(R) PRO/1000 Network Driver - version 7.3.21-k8-NAPI
[    1.558590] e1000: Copyright (c) 1999-2006 Intel Corporation.
[    1.573377] Fusion MPT base driver 3.04.20
[    1.576833] Copyright (c) 1999-2008 LSI Corporation
[    1.585922] Fusion MPT SPI Host driver 3.04.20
[    1.598001] AVX2 version of gcm_enc/dec engaged.
[    1.600702] AES CTR mode by8 optimization enabled
[    1.800905] input: ImExPS/2 Generic Explorer Mouse as /devices/platform/i8042/serio1/input/input4
[    2.048584] e1000 0000:00:03.0 eth0: (PCI:33MHz:32-bit) 02:3b:7b:b7:3b:2d
[    2.052255] e1000 0000:00:03.0 eth0: Intel(R) PRO/1000 Network Connection
[    2.529140] e1000 0000:00:08.0 eth1: (PCI:33MHz:32-bit) 08:00:27:cd:5c:ea
[    2.532708] e1000 0000:00:08.0 eth1: Intel(R) PRO/1000 Network Connection
[    2.538313] e1000 0000:00:03.0 enp0s3: renamed from eth0
[    2.544058] mptbase: ioc0: Initiating bringup
[    2.553282] e1000 0000:00:08.0 enp0s8: renamed from eth1
[    2.666086] ioc0: LSI53C1030 A0: Capabilities={Initiator}
[    2.912466] scsi host2: ioc0: LSI53C1030 A0, FwRev=00000000h, Ports=1, MaxQ=256, IRQ=20
[    3.085712] scsi 2:0:0:0: Direct-Access     VBOX     HARDDISK         1.0  PQ: 0 ANSI: 5
[    3.120322] scsi target2:0:0: Beginning Domain Validation
[    3.126880] scsi target2:0:0: Domain Validation skipping write tests
[    3.130101] scsi target2:0:0: Ending Domain Validation
[    3.132880] scsi target2:0:0: asynchronous
[    3.136755] scsi 2:0:1:0: Direct-Access     VBOX     HARDDISK         1.0  PQ: 0 ANSI: 5
[    3.172885] scsi target2:0:1: Beginning Domain Validation
[    3.178951] scsi target2:0:1: Domain Validation skipping write tests
[    3.182183] scsi target2:0:1: Ending Domain Validation
[    3.185781] scsi target2:0:1: asynchronous
[    3.193599] sd 2:0:0:0: Attached scsi generic sg0 type 0
[    3.196794] sd 2:0:0:0: [sda] 83886080 512-byte logical blocks: (42.9 GB/40.0 GiB)
[    3.196871] sd 2:0:1:0: Attached scsi generic sg1 type 0
[    3.206357] sd 2:0:0:0: [sda] Write Protect is off
[    3.209606] sd 2:0:1:0: [sdb] 20480 512-byte logical blocks: (10.5 MB/10.0 MiB)
[    3.214097] sd 2:0:1:0: [sdb] Write Protect is off
[    3.217309] sd 2:0:0:0: [sda] Incomplete mode parameter data
[    3.220839] sd 2:0:0:0: [sda] Assuming drive cache: write through
[    3.225024] sd 2:0:1:0: [sdb] Incomplete mode parameter data
[    3.228123] sd 2:0:1:0: [sdb] Assuming drive cache: write through
[    3.238735]  sda: sda1
[    3.242567] sd 2:0:0:0: [sda] Attached SCSI disk
[    3.245232] sd 2:0:1:0: [sdb] Attached SCSI disk
Begin: Loading essential drivers ... [    5.352266] raid6: sse2x1   gen() 10488 MB/s
[    5.401214] raid6: sse2x1   xor()  8160 MB/s
[    5.448259] raid6: sse2x2   gen() 13388 MB/s
[    5.498086] raid6: sse2x2   xor()  9385 MB/s
[    5.548214] raid6: sse2x4   gen() 14587 MB/s
[    5.596103] raid6: sse2x4   xor()  9781 MB/s
[    5.644681] raid6: avx2x1   gen() 22892 MB/s
[    5.696057] raid6: avx2x1   xor() 15763 MB/s
[    5.744537] raid6: avx2x2   gen() 26136 MB/s
[    5.793451] raid6: avx2x2   xor() 16741 MB/s
[    5.840151] raid6: avx2x4   gen() 31731 MB/s
[    5.888265] raid6: avx2x4   xor() 19842 MB/s
[    5.890968] raid6: using algorithm avx2x4 gen() 31731 MB/s
[    5.893809] raid6: .... xor() 19842 MB/s, rmw enabled
[    5.896388] raid6: using avx2x2 recovery algorithm
[    5.900827] xor: automatically using best checksumming function   avx       
[    5.905869] async_tx: api initialized (async)
done.
Begin: Running /scripts/init-premount ... done.
Begin: Mounting root file system ... Begin: Running /scripts/local-top ... done.
Begin: Running /scripts/local-premount ... [    5.959700] Btrfs loaded, crc32c=crc32c-intel
Scanning for Btrfs filesystems
done.
Warning: fsck not present, so skipping root file system
[    6.008281] EXT4-fs (sda1): mounted filesystem with ordered data mode. Opts: (null)
done.
Begin: Running /scripts/local-bottom ... done.
Begin: Running /scripts/init-bottom ... done.
[    6.273754] ip_tables: (C) 2000-2006 Netfilter Core Team
[    6.291418] systemd[1]: systemd 237 running in system mode. (+PAM +AUDIT +SELINUX +IMA +APPARMOR +SMACK +SYSVINIT +UTMP +LIBCRYPTSETUP +GCRYPT +GNUTLS +ACL +XZ +LZ4 +SECCOMP +BLKID +ELFUTILS +KMOD -IDN2 +IDN -PCRE2 default-hierarchy=hybrid)
[    6.302271] systemd[1]: Detected virtualization oracle.
[    6.305011] systemd[1]: Detected architecture x86-64.

Welcome to [1mUbuntu 18.04.6 LTS[0m!

[    6.320333] systemd[1]: Set hostname to <devops-server>.
[    6.669452] systemd[1]: Created slice System Slice.
[[0;32m  OK  [0m] Created slice System Slice.
[    6.673897] systemd[1]: Listening on LVM2 metadata daemon socket.
[[0;32m  OK  [0m] Listening on LVM2 metadata daemon socket.
[    6.678795] systemd[1]: Listening on Device-mapper event daemon FIFOs.
[[0;32m  OK  [0m] Listening on Device-mapper event daemon FIFOs.
[    6.684071] systemd[1]: Listening on Journal Socket.
[[0;32m  OK  [0m] Listening on Journal Socket.
[    6.688773] systemd[1]: Mounting Huge Pages File System...
         Mounting Huge Pages File System...
[    6.693409] systemd[1]: Listening on /dev/initctl Compatibility Named Pipe.
[[0;32m  OK  [0m] Listening on /dev/initctl Compatibility Named Pipe.
[[0;32m  OK  [0m] Listening on LVM2 poll daemon socket.
[[0;32m  OK  [0m] Created slice system-serial\x2dgetty.slice.
[[0;32m  OK  [0m] Started Forward Password Requests to Wall Directory Watch.
[[0;32m  OK  [0m] Listening on Journal Audit Socket.
         Starting Load Kernel Modules...
         Starting Monitoring of LVM2 mirrors…ng dmeventd or progress polling...
         Mounting Kernel Debug File System...
[[0;32m  OK  [0m] Set up automount Arbitrary Executab…rmats File System Automount Point.
         Starting Set the console keyboard layout...
[[0;32m  OK  [0m] Reached target Swap.
[[0;32m  OK  [0m] Listening on Journal Socket (/dev/log).
[[0;32m  OK  [0m] Created slice User and Session Slice.
[[0;32m  OK  [0m] Reached target Slices.
         Starting Create list of required st…ce nodes for the current kernel...
[[0;32m  OK  [0m] Listening on Network Service Netlink Socket.
[[0;32m  OK  [0m] Listening on udev Control Socket.
         Mounting POSIX Message Queue File System...
[[0;32m  OK  [0m] Reached target Mounting snaps.
[    6.739567] Loading iSCSI transport class v2.0-870.
[[0;32m  OK  [0m] Reached target Mounted snaps.
[[0;32m  OK  [0m] Reached target User and Group Name Lookups.
[[0;32m  OK  [0m] Listening on Sys[    6.751742] iscsi: registered transport (tcp)
log Socket.
         Starting Journal Service...
[[0;32m  OK  [0m] Reached target System Time Synchronized.
[[0;32m  OK  [0m] Listening on udev Kernel Socket.
[[0;32m  OK  [0m] Listening on fsck to fsckd communication Socket.
         Starting File System Check on Root Device...
         Starting Uncomplicated firewall...
         Starting udev Coldplug all Devices...
[[0;32m  OK  [0m] Mounted Huge Pages File System.
[[0;32m  OK  [0m] Mounted Kernel Debug File System.
[[0;32m  OK  [0m] Mounted POSIX Message Queue File System.
[[0;32m  OK  [0m] Started LVM2 metadata daemon.
[[0;32m  OK  [0m] Started udev Coldplug all Devices.
[[0;32m  OK  [0m] Started Create list of required sta…vice nodes for the current kernel.
         Starting Create Static Device Nodes in /dev...
[[0;32m  OK  [0m] Started Uncomplicated firewall.
[[0;32m  OK  [0m] Started File System Check Daemon to report status.
[[0;32m  OK  [0m] Started Journal Service.
[    6.891825] iscsi: registered transport (iser)
[[0;32m  OK  [0m] Started Load Kernel Modules.
         Mounting FUSE Control File System...
         Starting Apply Kernel Variables...
         Mounting Kernel Configuration File System...
[[0;32m  OK  [0m] Mounted FUSE Control File System.
[[0;32m  OK  [0m] Mounted Kernel Configuration File System.
[[0;32m  OK  [0m] Started File System Check on Root Device.
         Starting Remount Root and Kernel File Systems...
[[0;32m  OK  [0m] Started Create Static Device Nodes in /dev.
[[0;32m  OK  [0m] Started Monitoring of LVM2 mirrors,…sing dmeventd or progress polling.
[[0;32m  OK  [0m] Started Remount Root and Kernel File Systems.
         Starting Load/Save Random Seed...
         Starting udev Kernel Device Manager...
         Starting Flush Journal to Persistent Storage...
[[0;32m  OK  [0m] Started Apply Kernel Variables.
[[0;32m  OK  [0m] Started Load/Save Random Seed.
[[0;32m  OK  [0m] Started udev Kernel Device Manager.
[[0;32m  OK  [0m] Started Set the console keyboard layout.
[[0;32m  OK  [0m] Reached target Local File Systems (Pre).
[[0;32m  OK  [0m] Reached target Local File Systems.
         Starting AppArmor initialization...
         Starting ebtables ruleset management...
         Starting Tell Plymouth To Write Out Runtime Data...
         Starting Set console font and keymap...
[[0;32m  OK  [0m] Started Dispatch Password Requests to Console Directory Watch.
[[0;32m  OK  [0m] Reached target Local Encrypted Volumes.
[[0;32m  OK  [0m] Started Tell Plymouth To Write Out Runtime Data.
[[0;32m  OK  [0m] Started Flush Journal to Persistent Storage.
         Starting Create Volatile Files and Directories...
[[0;32m  OK  [0m] Started Set console font and keymap.
[[0;32m  OK  [0m] Found device /dev/ttyS0.
[[0;32m  OK  [0m] Started ebtables ruleset management.
[[0;32m  OK  [0m] Started Create Volatile Files and Directories.
[[0;32m  OK  [0m] Listening on Load/Save RF Kill Switch Status /dev/rfkill Watch.
         Starting Update UTMP about System Boot/Shutdown...
[[0;32m  OK  [0m] Started Update UTMP about System Boot/Shutdown.
[[0;32m  OK  [0m] Started AppArmor initialization.
         Starting Initial cloud-init job (pre-networking)...
         Starting Load AppArmor profiles managed internally by snapd...
         Mounting Arbitrary Executable File Formats File System...
[[0;32m  OK  [0m] Mounted Arbitrary Executable File Formats File System.
[[0;32m  OK  [0m] Started Load AppArmor profiles managed internally by snapd.
[    9.512769] cloud-init[568]: Cloud-init v. 23.1.2-0ubuntu0~18.04.1 running 'init-local' at Mon, 12 Aug 2024 01:58:30 +0000. Up 9.33 seconds.
[[0;32m  OK  [0m] Started Initial cloud-init job (pre-networking).
[[0;32m  OK  [0m] Reached target Network (Pre).
         Starting Network Service...
[[0;32m  OK  [0m] Started Network Service.
         Starting Network Name Resolution...
         Starting Wait for Network to be Configured...
[[0;32m  OK  [0m] Started Network Name Resolution.
[[0;32m  OK  [0m] Reached target Network.
[[0;32m  OK  [0m] Reached target Host and Network Name Lookups.
[[0;32m  OK  [0m] Started Wait for Network to be Configured.
         Starting Initial cloud-init job (metadata service crawler)...
[   12.105775] cloud-init[690]: Cloud-init v. 23.1.2-0ubuntu0~18.04.1 running 'init' at Mon, 12 Aug 2024 01:58:33 +0000. Up 11.95 seconds.
[   12.109888] cloud-init[690]: ci-info: ++++++++++++++++++++++++++++++++++++++Net device info+++++++++++++++++++++++++++++++++++++++
[   12.113587] cloud-init[690]: ci-info: +--------+------+-----------------------------+---------------+--------+-------------------+
[   12.118043] cloud-init[690]: ci-info: | Device |  Up  |           Address           |      Mask     | Scope  |     Hw-Address    |
[   12.122663] cloud-init[690]: ci-info: +--------+------+-----------------------------+---------------+--------+-------------------+
[   12.125934] cloud-init[690]: ci-info: | enp0s3 | True |          10.0.2.15          | 255.255.255.0 | global | 02:3b:7b:b7:3b:2d |
[   12.130810] cloud-init[690]: ci-info: | enp0s3 | True |  fe80::3b:7bff:feb7:3b2d/64 |       .       |  link  | 02:3b:7b:b7:3b:2d |
[   12.134757] cloud-init[690]: ci-info: | enp0s8 | True |        192.168.56.10        | 255.255.255.0 | global | 08:00:27:cd:5c:ea |
[   12.138810] cloud-init[690]: ci-info: | enp0s8 | True | fe80::a00:27ff:fecd:5cea/64 |       .       |  link  | 08:00:27:cd:5c:ea |
[   12.142657] cloud-init[690]: ci-info: |   lo   | True |          127.0.0.1          |   255.0.0.0   |  host  |         .         |
[   12.146868] cloud-init[690]: ci-info: |   lo   | True |           ::1/128           |       .       |  host  |         .         |
[   12.151028] cloud-init[690]: ci-info: +--------+------+-----------------------------+---------------+--------+-------------------+
[   12.154101] cloud-init[690]: ci-info: +++++++++++++++++++++++++++++Route IPv4 info+++++++++++++++++++++++++++++
[   12.157498] cloud-init[690]: ci-info: +-------+--------------+----------+-----------------+-----------+-------+
[   12.160062] cloud-init[690]: ci-info: | Route | Destination  | Gateway  |     Genmask     | Interface | Flags |
[   12.162972] cloud-init[690]: ci-info: +-------+--------------+----------+-----------------+-----------+-------+
[   12.165701] cloud-init[690]: ci-info: |   0   |   0.0.0.0    | 10.0.2.2 |     0.0.0.0     |   enp0s3  |   UG  |
[   12.180426] cloud-init[690]: ci-info: |   1   |   10.0.2.0   | 0.0.0.0  |  255.255.255.0  |   enp0s3  |   U   |
[   12.193359] cloud-init[690]: ci-info: |   2   |   10.0.2.2   | 0.0.0.0  | 255.255.255.255 |   enp0s3  |   UH  |
[   12.197738] cloud-init[690]: ci-info: |   3   | 192.168.56.0 | 0.0.0.0  |  255.255.255.0  |   enp0s8  |   U   |
[   12.200668] cloud-init[690]: ci-info: +-------+--------------+----------+-----------------+-----------+-------+
[   12.215418] cloud-init[690]: ci-info: +++++++++++++++++++Route IPv6 info+++++++++++++++++++
[   12.228481] cloud-init[690]: ci-info: +-------+-------------+---------+-----------+-------+
[   12.232417] cloud-init[690]: ci-info: | Route | Destination | Gateway | Interface | Flags |
[   12.234725] cloud-init[690]: ci-info: +-------+-------------+---------+-----------+-------+
[   12.248167] cloud-init[690]: ci-info: |   1   |  fe80::/64  |    ::   |   enp0s8  |   U   |
[   12.250125] cloud-init[690]: ci-info: |   2   |  fe80::/64  |    ::   |   enp0s3  |   U   |
[   12.252232] cloud-init[690]: ci-info: |   4   |    local    |    ::   |   enp0s3  |   U   |
[   12.255061] cloud-init[690]: ci-info: |   5   |    local    |    ::   |   enp0s8  |   U   |
[   12.258031] cloud-init[690]: ci-info: |   6   |   ff00::/8  |    ::   |   enp0s8  |   U   |
[   12.263257] cloud-init[690]: ci-info: |   7   |   ff00::/8  |    ::   |   enp0s3  |   U   |
[   12.268031] cloud-init[690]: ci-info: +-------+-------------+---------+-----------+-------+
[[0;32m  OK  [0m] Started Initial cloud-init job (metadata service crawler).
[[0;32m  OK  [0m] Reached target Cloud-config availability.
[[0;32m  OK  [0m] Reached target Network is Online.
         Starting Availability of block devices...
[[0;32m  OK  [0m] Reached target Remote File Systems (Pre).
         Mounting /vagrant...
[[0;32m  OK  [0m] Reached target System Initialization.
[[0;32m  OK  [0m] Started Ubuntu Advantage Timer for running repeated jobs.
[[0;32m  OK  [0m] Started Message of the Day.
[[0;32m  OK  [0m] Started Daily Cleanup of Temporary Directories.
[[0;32m  OK  [0m] Listening on ACPID Listen Socket.
[[0;32m  OK  [0m] Listening on cloud-init hotplug hook socket.
[[0;32m  OK  [0m] Started Daily apt download activities.
[[0;32m  OK  [0m] Started Discard unused blocks once a week.
[[0;32m  OK  [0m] Started ACPI Events Check.
[[0;32m  OK  [0m] Reached target Paths.
[[0;32m  OK  [0m] Listening on UUID daemon activation socket.
         Starting Socket activation for snappy daemon.
[[0;32m  OK  [0m] Started Daily apt upgrade and clean activities.
[[0;32m  OK  [0m] Reached target Timers.
         Starting LXD - unix socket.
[[0;32m  OK  [0m] Listening on D-Bus System Message Bus Socket.
[[0;32m  OK  [0m] Listening on Open-iSCSI iscsid Socket.
[[0;32m  OK  [0m] Started Availability of block devices.
[[0;32m  OK  [0m] Listening on Socket activation for snappy daemon.
[[0;32m  OK  [0m] Listening on LXD - unix socket.
[[0;32m  OK  [0m] Reached target Sockets.
[[0;32m  OK  [0m] Reached target Basic System.
[[0;32m  OK  [0m] Started D-Bus System Message Bus.
[[0;32m  OK  [0m] Reached target Login Prompts (Pre).
         Starting Dispatcher daemon for systemd-networkd...
         Starting System Logging Service...
[[0;32m  OK  [0m] Started Deferred execution scheduler.
[[0;32m  OK  [0m] Started FUSE filesystem for LXC.
         Starting Accounts Service...
         Starting Virtualbox guest utils...
[[0;32m  OK  [0m] Started irqbalance daemon.
         Starting OpenBSD Secure Shell server...
         Starting Snap Daemon...
         Starting LSB: Record successful boot for GRUB...
         Starting LXD - container startup/shutdown...
         Starting Login Service...
[[0;32m  OK  [0m] Started Regular background program processing daemon.
[[0;32m  OK  [0m] Started System Logging Service.
[[0;32m  OK  [0m] Mounted /vagrant.
[[0;32m  OK  [0m] Reached target Remote File Systems.
         Starting LSB: automatic crash report generation...
         Starting Permit User Sessions...
[[0;32m  OK  [0m] Started Permit User Sessions.
         Starting Terminate Plymouth Boot Screen...
         Starting Hold until boot process finishes up...
         Starting Authorization Manager...
[[0;32m  OK  [0m] Started Hold until boot process finishes up.
[[0;32m  OK  [0m] Started Login Service.
[[0;32m  OK  [0m] Started Unattended Upgrades Shutdown.
[[0;32m  OK  [0m] Started Serial Getty on ttyS0.
         Starting Set console scheme...
[[0;32m  OK  [0m] Started Terminate Plymouth Boot Screen.
[[0;32m  OK  [0m] Started Set console scheme.
[[0;32m  OK  [0m] Created slice system-getty.slice.
[[0;32m  OK  [0m] Started Getty on tty1.
[[0;32m  OK  [0m] Reached target Login Prompts.
[[0;32m  OK  [0m] Started OpenBSD Secure Shell server.
[[0;32m  OK  [0m] Started Authorization Manager.
[[0;32m  OK  [0m] Started Accounts Service.
[[0;32m  OK  [0m] Started LSB: automatic crash report generation.
[[0;32m  OK  [0m] Started LSB: Record successful boot for GRUB.
[[0;32m  OK  [0m] Started Dispatcher daemon for systemd-networkd.
[[0;32m  OK  [0m] Started Virtualbox guest utils.
[[0;32m  OK  [0m] Started LXD - container startup/shutdown.
[[0;32m  OK  [0m] Created slice User Slice of vagrant.
         Starting User Manager for UID 1000...
[[0;32m  OK  [0m] Started Session 1 of user vagrant.
[[0;32m  OK  [0m] Started User Manager for UID 1000.
[[0;32m  OK  [0m] Started Snap Daemon.
         Starting Wait until snapd is fully seeded...
         Starting Time & Date Service...
[[0;32m  OK  [0m] Started Time & Date Service.
[[0;32m  OK  [0m] Started Wait until snapd is fully seeded.
         Starting Apply the settings specified in cloud-config...
[   14.737441] cloud-init[1169]: Cloud-init v. 23.1.2-0ubuntu0~18.04.1 running 'modules:config' at Mon, 12 Aug 2024 01:58:35 +0000. Up 14.62 seconds.
[[0;32m  OK  [0m] Started Apply the settings specified in cloud-config.
[[0;32m  OK  [0m] Reached target Multi-User System.
         Starting Execute cloud user/final scripts...
[[0;32m  OK  [0m] Reached target Graphical Interface.
         Starting Update UTMP about System Runlevel Changes...
[[0;32m  OK  [0m] Started Update UTMP about System Runlevel Changes.
[   15.342137] cloud-init[1243]: Cloud-init v. 23.1.2-0ubuntu0~18.04.1 running 'modules:final' at Mon, 12 Aug 2024 01:58:36 +0000. Up 15.20 seconds.
[   15.346204] cloud-init[1243]: Cloud-init v. 23.1.2-0ubuntu0~18.04.1 finished at Mon, 12 Aug 2024 01:58:36 +0000. Datasource DataSourceNoCloud [seed=/dev/sdb][dsmode=net].  Up 15.33 seconds
[[0;32m  OK  [0m] Started Execute cloud user/final scripts.
[[0;32m  OK  [0m] Reached target Cloud-init target.

Ubuntu 18.04.6 LTS devops-server ttyS0

devops-server login: 